{"name":"NavigatetoWebSite","status":"failed","statusDetails":{"known":false,"muted":false,"flaky":false,"message":"Browser Action [NavigateToURL] failed. With the following test data [http://automationpractice.com/index.php].","trace":"java.lang.AssertionError: Browser Action [NavigateToURL] failed. With the following test data [http://automationpractice.com/index.php].\r\n\tat org.testng.Assert.fail(Assert.java:87)\r\n\tat com.shaft.gui.browser.WebDriverBrowserActions.failAction(WebDriverBrowserActions.java:610)\r\n\tat com.shaft.gui.browser.WebDriverBrowserActions.failAction(WebDriverBrowserActions.java:603)\r\n\tat com.shaft.gui.browser.WebDriverBrowserActions.navigateToURL(WebDriverBrowserActions.java:304)\r\n\tat com.shaft.gui.browser.WebDriverBrowserActions.navigateToURL(WebDriverBrowserActions.java:217)\r\n\tat com.shaft.gui.browser.BrowserActions.navigateToURL(BrowserActions.java:90)\r\n\tat Pages.HighLevelFunctionsPage.navigate(HighLevelFunctionsPage.java:18)\r\n\tat Pages.RegisterationPage.NavigatetoRegisterPage(RegisterationPage.java:45)\r\n\tat Tests.RegisterationTest.NavigatetoWebSite(RegisterationTest.java:33)\r\n\tat java.base/jdk.internal.reflect.NativeMethodAccessorImpl.invoke0(Native Method)\r\n\tat java.base/jdk.internal.reflect.NativeMethodAccessorImpl.invoke(NativeMethodAccessorImpl.java:64)\r\n\tat java.base/jdk.internal.reflect.DelegatingMethodAccessorImpl.invoke(DelegatingMethodAccessorImpl.java:43)\r\n\tat java.base/java.lang.reflect.Method.invoke(Method.java:564)\r\n\tat org.testng.internal.MethodInvocationHelper.invokeMethod(MethodInvocationHelper.java:133)\r\n\tat org.testng.internal.TestInvoker.invokeMethod(TestInvoker.java:598)\r\n\tat org.testng.internal.TestInvoker.invokeTestMethod(TestInvoker.java:173)\r\n\tat org.testng.internal.MethodRunner.runInSequence(MethodRunner.java:46)\r\n\tat org.testng.internal.TestInvoker$MethodInvocationAgent.invoke(TestInvoker.java:824)\r\n\tat org.testng.internal.TestInvoker.invokeTestMethods(TestInvoker.java:146)\r\n\tat org.testng.internal.TestMethodWorker.invokeTestMethods(TestMethodWorker.java:146)\r\n\tat org.testng.internal.TestMethodWorker.run(TestMethodWorker.java:128)\r\n\tat java.base/java.util.ArrayList.forEach(ArrayList.java:1511)\r\n\tat org.testng.TestRunner.privateRun(TestRunner.java:794)\r\n\tat org.testng.TestRunner.run(TestRunner.java:596)\r\n\tat org.testng.SuiteRunner.runTest(SuiteRunner.java:377)\r\n\tat org.testng.SuiteRunner.runSequentially(SuiteRunner.java:371)\r\n\tat org.testng.SuiteRunner.privateRun(SuiteRunner.java:332)\r\n\tat org.testng.SuiteRunner.run(SuiteRunner.java:276)\r\n\tat org.testng.SuiteRunnerWorker.runSuite(SuiteRunnerWorker.java:53)\r\n\tat org.testng.SuiteRunnerWorker.run(SuiteRunnerWorker.java:96)\r\n\tat org.testng.TestNG.runSuitesSequentially(TestNG.java:1212)\r\n\tat org.testng.TestNG.runSuitesLocally(TestNG.java:1134)\r\n\tat org.testng.TestNG.runSuites(TestNG.java:1063)\r\n\tat org.testng.TestNG.run(TestNG.java:1031)\r\n\tat org.testng.remote.AbstractRemoteTestNG.run(AbstractRemoteTestNG.java:115)\r\n\tat org.testng.remote.RemoteTestNG.initAndRun(RemoteTestNG.java:251)\r\n\tat org.testng.remote.RemoteTestNG.main(RemoteTestNG.java:77)\r\nCaused by: java.lang.NullPointerException: Cannot invoke \"org.openqa.selenium.WebDriver.getPageSource()\" because \"driver\" is null\r\n\tat com.shaft.gui.browser.WebDriverBrowserActions.navigateToURL(WebDriverBrowserActions.java:275)\r\n\t... 33 more\r\n"},"stage":"finished","steps":[{"name":"An Exception Occured with this Message: Cannot invoke \"org.openqa.selenium.JavascriptExecutor.executeScript(String, Object[])\" because \"driver\" is null.","status":"passed","stage":"finished","steps":[],"attachments":[{"name":"Attachment: Exception Stack Trace - java.lang.NullPointerException","source":"ee92cc83-631c-46d9-8353-6be957fc2915-attachment"}],"parameters":[{"name":"actionCounter","value":"6"},{"name":"logText","value":"An Exception Occured with this Message: Cannot invoke \"org.openqa.selenium.JavascriptExecutor.executeScript(String, Object[])\" because \"driver\" is null."},{"name":"attachments","value":"[[Exception Stack Trace, java.lang.NullPointerException, java.lang.NullPointerException:\r\nCannot invoke \"org.openqa.selenium.JavascriptExecutor.executeScript(String, Object[])\" because \"driver\" is null\r\ncom.shaft.gui.browser.WebDriverBrowserActions.navigateToURL(WebDriverBrowserActions.java:260)\r\ncom.shaft.gui.browser.WebDriverBrowserActions.navigateToURL(WebDriverBrowserActions.java:217)\r\ncom.shaft.gui.browser.BrowserActions.navigateToURL(BrowserActions.java:90)\r\nPages.HighLevelFunctionsPage.navigate(HighLevelFunctionsPage.java:18)\r\nPages.RegisterationPage.NavigatetoRegisterPage(RegisterationPage.java:45)\r\nTests.RegisterationTest.NavigatetoWebSite(RegisterationTest.java:33)\r\njava.base/jdk.internal.reflect.NativeMethodAccessorImpl.invoke0(Native Method)\r\njava.base/jdk.internal.reflect.NativeMethodAccessorImpl.invoke(NativeMethodAccessorImpl.java:64)\r\njava.base/jdk.internal.reflect.DelegatingMethodAccessorImpl.invoke(DelegatingMethodAccessorImpl.java:43)\r\njava.base/java.lang.reflect.Method.invoke(Method.java:564)\r\norg.testng.internal.MethodInvocationHelper.invokeMethod(MethodInvocationHelper.java:133)\r\norg.testng.internal.TestInvoker.invokeMethod(TestInvoker.java:598)\r\norg.testng.internal.TestInvoker.invokeTestMethod(TestInvoker.java:173)\r\norg.testng.internal.MethodRunner.runInSequence(MethodRunner.java:46)\r\norg.testng.internal.TestInvoker$MethodInvocationAgent.invoke(TestInvoker.java:824)\r\norg.testng.internal.TestInvoker.invokeTestMethods(TestInvoker.java:146)\r\norg.testng.internal.TestMethodWorker.invokeTestMethods(TestMethodWorker.java:146)\r\norg.testng.internal.TestMethodWorker.run(TestMethodWorker.java:128)\r\njava.base/java.util.ArrayList.forEach(ArrayList.java:1511)\r\norg.testng.TestRunner.privateRun(TestRunner.java:794)\r\norg.testng.TestRunner.run(TestRunner.java:596)\r\norg.testng.SuiteRunner.runTest(SuiteRunner.java:377)\r\norg.testng.SuiteRunner.runSequentially(SuiteRunner.java:371)\r\norg.testng.SuiteRunner.privateRun(SuiteRunner.java:332)\r\norg.testng.SuiteRunner.run(SuiteRunner.java:276)\r\norg.testng.SuiteRunnerWorker.runSuite(SuiteRunnerWorker.java:53)\r\norg.testng.SuiteRunnerWorker.run(SuiteRunnerWorker.java:96)\r\norg.testng.TestNG.runSuitesSequentially(TestNG.java:1212)\r\norg.testng.TestNG.runSuitesLocally(TestNG.java:1134)\r\norg.testng.TestNG.runSuites(TestNG.java:1063)\r\norg.testng.TestNG.run(TestNG.java:1031)\r\norg.testng.remote.AbstractRemoteTestNG.run(AbstractRemoteTestNG.java:115)\r\norg.testng.remote.RemoteTestNG.initAndRun(RemoteTestNG.java:251)\r\norg.testng.remote.RemoteTestNG.main(RemoteTestNG.java:77)\r\n]]"}],"start":1642790924577,"stop":1642790924603},{"name":"Browser Action [NavigateToURL] failed. With the following test data [http://automationpractice.com/index.php].","status":"passed","stage":"finished","steps":[],"attachments":[],"parameters":[{"name":"actionCounter","value":"8"},{"name":"logText","value":"Browser Action [NavigateToURL] failed. With the following test data [http://automationpractice.com/index.php]."}],"start":1642790924775,"stop":1642790924775}],"attachments":[{"name":"Attachment: SHAFT Engine Logs - Current Method log: NavigatetoWebSite","source":"aee78b45-3982-43c0-8787-ce441db3acae-attachment.txt","type":"text/plain"}],"parameters":[],"start":1642790924337,"stop":1642790924835,"uuid":"e44ae6ec-777d-4ba4-9a62-8247760f7202","historyId":"17a69ccb70c3ae4a38c756c1d6f19aa3","fullName":"Tests.RegisterationTest.NavigatetoWebSite","labels":[{"name":"package","value":"Tests.RegisterationTest"},{"name":"testClass","value":"Tests.RegisterationTest"},{"name":"testMethod","value":"NavigatetoWebSite"},{"name":"parentSuite","value":"SHAFT: Custom Suite"},{"name":"suite","value":"SHAFT: Custom Test"},{"name":"subSuite","value":"Tests.RegisterationTest"},{"name":"host","value":"DESKTOP-TGAF0J2"},{"name":"thread","value":"11584@DESKTOP-TGAF0J2.main(1)"},{"name":"framework","value":"testng"},{"name":"language","value":"java"}],"links":[]}